TN:
SF:src\index.ts
FN:21,(anonymous_8)
FN:21,(anonymous_9)
FN:47,(anonymous_10)
FN:52,(anonymous_11)
FN:69,(anonymous_12)
FNF:5
FNH:4
FNDA:2,(anonymous_8)
FNDA:2,(anonymous_9)
FNDA:1,(anonymous_10)
FNDA:0,(anonymous_11)
FNDA:1,(anonymous_12)
DA:1,1
DA:2,1
DA:3,1
DA:4,1
DA:5,1
DA:6,1
DA:9,1
DA:11,1
DA:12,1
DA:15,1
DA:18,1
DA:21,2
DA:22,2
DA:24,2
DA:25,0
DA:26,0
DA:29,2
DA:30,2
DA:31,2
DA:33,0
DA:34,0
DA:39,1
DA:42,1
DA:43,1
DA:44,1
DA:47,1
DA:48,1
DA:49,1
DA:52,1
DA:53,0
DA:54,0
DA:56,0
DA:57,0
DA:59,0
DA:62,0
DA:69,1
DA:70,1
DA:72,1
LF:38
LH:28
BRDA:12,0,0,1
BRDA:12,0,1,0
BRDA:24,1,0,0
BRDA:56,2,0,0
BRDA:56,2,1,0
BRF:5
BRH:1
end_of_record
TN:
SF:src\controller\authControllers.ts
FN:7,(anonymous_9)
FN:7,(anonymous_10)
FN:49,(anonymous_11)
FN:49,(anonymous_12)
FNF:4
FNH:4
FNDA:1,(anonymous_9)
FNDA:1,(anonymous_10)
FNDA:2,(anonymous_11)
FNDA:2,(anonymous_12)
DA:2,2
DA:3,2
DA:4,2
DA:7,2
DA:8,1
DA:11,1
DA:12,1
DA:13,1
DA:16,0
DA:17,0
DA:18,0
DA:19,0
DA:20,0
DA:24,0
DA:27,0
DA:28,0
DA:31,0
DA:34,0
DA:37,0
DA:39,0
DA:40,0
DA:41,0
DA:43,0
DA:49,2
DA:50,2
DA:53,2
DA:54,0
DA:55,0
DA:58,2
DA:59,2
DA:60,2
DA:61,1
DA:62,1
DA:66,1
DA:67,1
DA:68,0
DA:69,0
DA:73,1
DA:76,1
DA:79,1
DA:81,0
DA:82,0
DA:83,0
DA:85,0
DA:90,2
LF:45
LH:22
BRDA:11,0,0,1
BRDA:11,1,0,1
BRDA:11,1,1,0
BRDA:11,1,2,0
BRDA:18,2,0,0
BRDA:40,3,0,0
BRDA:40,3,1,0
BRDA:53,4,0,0
BRDA:53,5,0,2
BRDA:53,5,1,2
BRDA:60,6,0,1
BRDA:67,7,0,0
BRDA:82,8,0,0
BRDA:82,8,1,0
BRF:14
BRH:5
end_of_record
TN:
SF:src\controller\productController.ts
FN:10,(anonymous_8)
FN:14,(anonymous_9)
FN:25,(anonymous_10)
FN:39,(anonymous_11)
FN:45,(anonymous_12)
FN:45,(anonymous_13)
FN:66,(anonymous_14)
FN:81,(anonymous_15)
FN:81,(anonymous_16)
FN:91,(anonymous_17)
FN:91,(anonymous_18)
FN:109,(anonymous_19)
FN:120,(anonymous_20)
FN:120,(anonymous_21)
FN:138,(anonymous_22)
FN:138,(anonymous_23)
FN:155,(anonymous_24)
FN:155,(anonymous_25)
FN:179,(anonymous_26)
FN:179,(anonymous_27)
FNF:20
FNH:16
FNDA:0,(anonymous_8)
FNDA:0,(anonymous_9)
FNDA:0,(anonymous_10)
FNDA:7,(anonymous_11)
FNDA:5,(anonymous_12)
FNDA:5,(anonymous_13)
FNDA:1,(anonymous_14)
FNDA:3,(anonymous_15)
FNDA:3,(anonymous_16)
FNDA:2,(anonymous_17)
FNDA:2,(anonymous_18)
FNDA:0,(anonymous_19)
FNDA:3,(anonymous_20)
FNDA:3,(anonymous_21)
FNDA:3,(anonymous_22)
FNDA:3,(anonymous_23)
FNDA:4,(anonymous_24)
FNDA:4,(anonymous_25)
FNDA:4,(anonymous_26)
FNDA:4,(anonymous_27)
DA:2,2
DA:3,2
DA:4,2
DA:9,2
DA:12,0
DA:15,0
DA:22,2
DA:26,0
DA:27,0
DA:28,0
DA:30,0
DA:31,0
DA:33,0
DA:39,2
DA:40,7
DA:41,7
DA:45,5
DA:46,5
DA:47,5
DA:50,5
DA:51,3
DA:52,3
DA:55,2
DA:56,1
DA:57,1
DA:60,1
DA:62,1
DA:66,1
DA:70,1
DA:73,0
DA:75,1
DA:81,3
DA:82,3
DA:83,3
DA:84,2
DA:86,1
DA:91,2
DA:92,2
DA:93,2
DA:94,2
DA:96,2
DA:97,2
DA:99,1
DA:100,1
DA:101,1
DA:104,0
DA:105,0
DA:106,0
DA:108,0
DA:109,0
DA:112,0
DA:113,0
DA:115,1
DA:120,3
DA:121,3
DA:123,3
DA:124,3
DA:126,2
DA:127,1
DA:128,1
DA:131,1
DA:133,1
DA:138,3
DA:139,3
DA:141,3
DA:142,1
DA:143,1
DA:146,2
DA:147,2
DA:148,1
DA:150,1
DA:155,4
DA:156,4
DA:158,4
DA:159,1
DA:160,1
DA:163,3
DA:164,3
DA:166,3
DA:167,1
DA:168,1
DA:171,2
DA:172,1
DA:174,1
DA:179,4
DA:180,4
DA:182,4
DA:183,1
DA:184,1
DA:187,3
DA:188,3
DA:190,3
DA:191,1
DA:192,1
DA:195,2
DA:196,1
DA:198,1
DA:203,2
DA:204,2
DA:205,2
DA:206,2
DA:207,2
DA:208,2
DA:209,2
DA:210,2
LF:105
LH:89
BRDA:30,0,0,0
BRDA:30,1,0,0
BRDA:30,1,1,0
BRDA:40,2,0,7
BRDA:40,2,1,0
BRDA:50,3,0,3
BRDA:50,4,0,5
BRDA:50,4,1,4
BRDA:50,4,2,3
BRDA:55,5,0,1
BRDA:55,6,0,2
BRDA:55,6,1,2
BRDA:99,7,0,1
BRDA:104,8,0,0
BRDA:104,8,1,0
BRDA:105,9,0,0
BRDA:105,9,1,0
BRDA:106,10,0,0
BRDA:106,10,1,0
BRDA:108,11,0,0
BRDA:108,12,0,0
BRDA:108,12,1,0
BRDA:126,13,0,1
BRDA:141,14,0,1
BRDA:158,15,0,1
BRDA:166,16,0,1
BRDA:182,17,0,1
BRDA:190,18,0,1
BRF:28
BRH:15
end_of_record
TN:
SF:src\middleware\authMiddleware.ts
FN:5,(anonymous_1)
FNF:1
FNH:1
FNDA:5,(anonymous_1)
DA:2,1
DA:5,1
DA:6,5
DA:7,5
DA:8,2
DA:11,3
DA:12,3
DA:13,2
DA:14,2
DA:17,1
LF:10
LH:10
BRDA:6,0,0,1
BRDA:6,0,1,4
BRDA:6,1,0,5
BRDA:6,1,1,5
BRDA:7,2,0,2
BRF:5
BRH:5
end_of_record
TN:
SF:src\models\productmodel.ts
FNF:0
FNH:0
DA:1,2
DA:10,2
DA:22,2
DA:24,2
LF:4
LH:4
BRF:0
BRH:0
end_of_record
TN:
SF:src\models\user.ts
FNF:0
FNH:0
DA:2,3
DA:10,3
DA:16,3
DA:17,3
LF:4
LH:4
BRF:0
BRH:0
end_of_record
TN:
SF:src\routes\authRoutes.ts
FNF:0
FNH:0
DA:1,2
DA:2,2
DA:3,2
DA:6,2
DA:9,2
DA:11,2
LF:6
LH:6
BRF:0
BRH:0
end_of_record
TN:
SF:src\routes\productRoutes.ts
FNF:0
FNH:0
DA:1,2
DA:2,2
DA:11,2
DA:13,2
DA:16,2
DA:18,2
DA:20,2
DA:22,2
DA:24,2
DA:26,2
DA:28,2
LF:11
LH:11
BRF:0
BRH:0
end_of_record
