{"C:\\Users\\AIT\\Desktop\\Hari-Training-Proj\\Backends\\src\\math.ts": {"path":"C:\\Users\\AIT\\Desktop\\Hari-Training-Proj\\Backends\\src\\math.ts","statementMap":{"0":{"start":{"line":2,"column":0},"end":{"line":2,"column":16}},"1":{"start":{"line":3,"column":4},"end":{"line":3,"column":17}}},"fnMap":{"0":{"name":"add","decl":{"start":{"line":2,"column":16},"end":{"line":2,"column":19}},"loc":{"start":{"line":2,"column":40},"end":{"line":4,"column":3}}}},"branchMap":{},"s":{"0":1,"1":3},"f":{"0":3},"b":{}}
}
